2020-03-19T18:28:35.193405+00:00 app[api]: Initial release by user marcelocmiguel@outlook.com
2020-03-19T18:28:35.193405+00:00 app[api]: Release v1 created by user marcelocmiguel@outlook.com
2020-03-19T18:28:35.655858+00:00 app[api]: Release v2 created by user marcelocmiguel@outlook.com
2020-03-19T18:28:35.655858+00:00 app[api]: Enable Logplex by user marcelocmiguel@outlook.com
2020-03-19T18:29:18.000000+00:00 app[api]: Build started by user marcelocmiguel@outlook.com
2020-03-19T18:29:34.000000+00:00 app[api]: Build failed -- check your build output: https://dashboard.heroku.com/apps/74c80a7e-d438-48cc-bf3d-5d1da158f8ed/activity/builds/37f6fa61-1a6c-404e-8dca-8304d8ebb6e9
2020-03-19T18:30:36.000000+00:00 app[api]: Build started by user marcelocmiguel@outlook.com
2020-03-19T18:30:52.000000+00:00 app[api]: Build failed -- check your build output: https://dashboard.heroku.com/apps/74c80a7e-d438-48cc-bf3d-5d1da158f8ed/activity/builds/3aab27e0-a9e1-4f78-9986-868e61da4f05
2020-03-19T18:32:05.000000+00:00 app[api]: Build started by user marcelocmiguel@outlook.com
2020-03-19T18:32:21.000000+00:00 app[api]: Build failed -- check your build output: https://dashboard.heroku.com/apps/74c80a7e-d438-48cc-bf3d-5d1da158f8ed/activity/builds/2fe792b4-e83b-4be4-81e5-9a158412787e
2020-03-19T18:40:18.000000+00:00 app[api]: Build started by user marcelocmiguel@outlook.com
2020-03-19T18:40:33.000000+00:00 app[api]: Build failed -- check your build output: https://dashboard.heroku.com/apps/74c80a7e-d438-48cc-bf3d-5d1da158f8ed/activity/builds/9d70f2ab-ef95-48ff-a0a9-e4e5213d5061
2020-03-19T18:42:26.000000+00:00 app[api]: Build started by user marcelocmiguel@outlook.com
2020-03-19T18:42:53.128240+00:00 app[api]: Release v3 created by user marcelocmiguel@outlook.com
2020-03-19T18:42:53.142660+00:00 app[api]: Scaled to web@1:Free by user marcelocmiguel@outlook.com
2020-03-19T18:42:53.128240+00:00 app[api]: Deploy 34dc7bb1 by user marcelocmiguel@outlook.com
2020-03-19T18:42:57.048814+00:00 heroku[web.1]: Starting process with command `python app.py`
2020-03-19T18:43:00.503329+00:00 app[web.1]: Traceback (most recent call last):
2020-03-19T18:43:00.503361+00:00 app[web.1]: File "app.py", line 2, in <module>
2020-03-19T18:43:00.503457+00:00 app[web.1]: import db
2020-03-19T18:43:00.503461+00:00 app[web.1]: File "/app/db.py", line 2, in <module>
2020-03-19T18:43:00.503635+00:00 app[web.1]: from flask_pymongo import pymongo
2020-03-19T18:43:00.503702+00:00 app[web.1]: ModuleNotFoundError: No module named 'flask_pymongo'
2020-03-19T18:43:01.226628+00:00 heroku[web.1]: State changed from starting to crashed
2020-03-19T18:43:01.230461+00:00 heroku[web.1]: State changed from crashed to starting
2020-03-19T18:43:01.212168+00:00 heroku[web.1]: Process exited with status 1
2020-03-19T18:43:01.000000+00:00 app[api]: Build succeeded
2020-03-19T18:43:05.405169+00:00 heroku[web.1]: Starting process with command `python app.py`
2020-03-19T18:43:09.245800+00:00 heroku[web.1]: State changed from starting to crashed
2020-03-19T18:43:09.050984+00:00 app[web.1]: Traceback (most recent call last):
2020-03-19T18:43:09.051371+00:00 app[web.1]: File "app.py", line 2, in <module>
2020-03-19T18:43:09.051633+00:00 app[web.1]: import db
2020-03-19T18:43:09.051639+00:00 app[web.1]: File "/app/db.py", line 2, in <module>
2020-03-19T18:43:09.051804+00:00 app[web.1]: from flask_pymongo import pymongo
2020-03-19T18:43:09.052062+00:00 app[web.1]: ModuleNotFoundError: No module named 'flask_pymongo'
2020-03-19T18:43:09.228888+00:00 heroku[web.1]: Process exited with status 1
2020-03-19T18:43:29.821730+00:00 heroku[router]: at=error code=H10 desc="App crashed" method=GET path="/" host=guiaapii.herokuapp.com request_id=81dd8ede-a8ee-456f-a8da-1bf7a0e4eb4a fwd="201.76.90.7" dyno= connect= service= status=503 bytes= protocol=https
2020-03-19T18:43:46.379367+00:00 heroku[router]: at=error code=H10 desc="App crashed" method=GET path="/favicon.ico" host=guiaapii.herokuapp.com request_id=3a1383b7-bc13-4e06-a0ac-4dc3447b9eee fwd="201.76.90.7" dyno= connect= service= status=503 bytes= protocol=https
2020-03-19T18:44:21.866295+00:00 heroku[router]: at=error code=H10 desc="App crashed" method=GET path="/" host=guiaapii.herokuapp.com request_id=a63ad07b-d620-40ad-a182-d08be449a7d1 fwd="201.76.90.7" dyno= connect= service= status=503 bytes= protocol=https
2020-03-19T18:44:37.605664+00:00 heroku[router]: at=error code=H10 desc="App crashed" method=GET path="/" host=guiaapii.herokuapp.com request_id=e4553544-0eb7-4d3b-8faa-c86bfd408125 fwd="201.76.90.7" dyno= connect= service= status=503 bytes= protocol=https
2020-03-19T18:44:38.121320+00:00 heroku[router]: at=error code=H10 desc="App crashed" method=GET path="/favicon.ico" host=guiaapii.herokuapp.com request_id=189eb814-5b7f-4aad-98a6-e470bd78d74a fwd="201.76.90.7" dyno= connect= service= status=503 bytes= protocol=https
2020-03-19T18:47:38.676686+00:00 heroku[router]: at=error code=H10 desc="App crashed" method=GET path="/" host=guiaapii.herokuapp.com request_id=f8b15c4d-e670-4333-b46f-09df99aa5b37 fwd="201.76.90.7" dyno= connect= service= status=503 bytes= protocol=https
2020-03-19T18:47:39.553008+00:00 heroku[router]: at=error code=H10 desc="App crashed" method=GET path="/favicon.ico" host=guiaapii.herokuapp.com request_id=e6158bfa-0402-4cc4-b381-23b785ab20c1 fwd="201.76.90.7" dyno= connect= service= status=503 bytes= protocol=https
2020-03-19T18:48:05.087347+00:00 heroku[router]: at=error code=H10 desc="App crashed" method=GET path="/" host=guiaapii.herokuapp.com request_id=97442268-3c46-403c-b1b7-73c49ab5eb30 fwd="201.76.90.7" dyno= connect= service= status=503 bytes= protocol=https
